<?xml version="1.0" encoding="UTF-8"?>
<!-- Generated by org.testng.reporters.JUnitReportReporter -->
<testsuite skipped="0" hostname="Bhulku" name="com.qa.hubspot.tests.LoginPageTest" tests="3" failures="0" timestamp="2019-11-05T14:08:21 GMT" time="9.119" errors="0">
  <testcase name="verifyLoginPageTitleTest" time="6.995" classname="com.qa.hubspot.tests.LoginPageTest"/>
  <testcase name="verifySignUpLinkTest" time="0.219" classname="com.qa.hubspot.tests.LoginPageTest"/>
  <testcase name="loginTest" time="1.905" classname="com.qa.hubspot.tests.LoginPageTest"/>
</testsuite> <!-- com.qa.hubspot.tests.LoginPageTest -->
