<?xml version="1.0" encoding="UTF-8"?>
<!-- Generated by org.testng.reporters.JUnitReportReporter -->
<testsuite skipped="0" hostname="Bhulku" name="com.qa.hubspot.tests.HomePageTest" tests="2" failures="0" timestamp="2019-11-05T14:14:58 GMT" time="14.916" errors="0">
  <testcase name="verifyHomePageTitleTest" time="9.061" classname="com.qa.hubspot.tests.HomePageTest"/>
  <testcase name="veryfyHomePageHeaderTest" time="5.855" classname="com.qa.hubspot.tests.HomePageTest"/>
</testsuite> <!-- com.qa.hubspot.tests.HomePageTest -->
